<?xml version="1.0" encoding="UTF-8"?>
<testng-results ignored="1" total="2" passed="1" failed="0" skipped="0">
  <reporter-output>
  </reporter-output>
  <suite started-at="2023-01-25T09:41:44 IST" name="Default suite" finished-at="2023-01-25T09:41:44 IST" duration-ms="90">
    <groups>
    </groups>
    <test started-at="2023-01-25T09:41:44 IST" name="Default test" finished-at="2023-01-25T09:41:44 IST" duration-ms="90">
      <class name="com.kgisl.bank.BankAccountTest">
        <test-method is-config="true" signature="beforeTest()[pri:0, instance:com.kgisl.bank.BankAccountTest@378542de]" started-at="2023-01-25T09:41:44 IST" name="beforeTest" finished-at="2023-01-25T09:41:44 IST" duration-ms="16" status="PASS">
          <reporter-output>
          </reporter-output>
        </test-method> <!-- beforeTest -->
        <test-method signature="negativeTest()[pri:0, instance:com.kgisl.bank.BankAccountTest@378542de]" started-at="2023-01-25T09:41:44 IST" name="negativeTest" finished-at="2023-01-25T09:41:44 IST" duration-ms="8" status="PASS">
          <reporter-output>
          </reporter-output>
        </test-method> <!-- negativeTest -->
        <test-method is-config="true" signature="afterTest()[pri:0, instance:com.kgisl.bank.BankAccountTest@378542de]" started-at="2023-01-25T09:41:44 IST" name="afterTest" finished-at="2023-01-25T09:41:44 IST" duration-ms="2" status="PASS">
          <reporter-output>
          </reporter-output>
        </test-method> <!-- afterTest -->
      </class> <!-- com.kgisl.bank.BankAccountTest -->
    </test> <!-- Default test -->
  </suite> <!-- Default suite -->
</testng-results>
