<?xml version="1.0" encoding="UTF-8"?>
<!-- Generated by org.testng.reporters.JUnitXMLReporter -->
<testsuite hostname="KG-GSSL1189" ignored="1" name="Default test" tests="1" failures="0" timestamp="2023-01-24T10:53:32 IST" time="0.043" errors="0">
  <testcase name="negativeTest" time="0.017" classname="com.kgisl.bank.BankAccountTest"/>
  <testcase name="bankdeposite" time="0.0" classname="com.kgisl.bank.BankAccountTest">
    <ignored/>
  </testcase> <!-- bankdeposite -->
</testsuite> <!-- Default test -->
