<?xml version="1.0" encoding="UTF-8"?>
<!-- Generated by org.testng.reporters.JUnitXMLReporter -->
<testsuite ignored="1" hostname="KG-GSSL1189" failures="0" tests="1" name="Default test" time="0.09" errors="0" timestamp="2023-01-25T09:41:44 IST">
  <testcase classname="com.kgisl.bank.BankAccountTest" name="negativeTest" time="0.008"/>
  <testcase classname="com.kgisl.bank.BankAccountTest" name="bankdeposite" time="0.0">
    <ignored/>
  </testcase> <!-- bankdeposite -->
</testsuite> <!-- Default test -->
